<?xml version="1.0" encoding="utf-8"?><testsuites name="pytest tests"><testsuite name="pytest" errors="0" failures="0" skipped="0" tests="98" time="3.606" timestamp="2026-07-11T18:04:07.986228+09:00" hostname="mg0037"><testcase classname="tests.syncer_decomposition.test_capability_surface" name="test_prepare_facade_exposes_only_scoped_immutable_io" time="0.001" /><testcase classname="tests.syncer_decomposition.test_capability_surface" name="test_future_executor_modules_cannot_statically_import_authority_apis" time="0.002" /><testcase classname="tests.syncer_decomposition.test_fwo_pft_schema" name="test_work_order_round_trip_and_conflicting_identity_fail_closed" time="0.001" /><testcase classname="tests.syncer_decomposition.test_fwo_pft_schema" name="test_prepared_result_separates_canonical_result_from_attempt_envelope" time="0.001" /><testcase classname="tests.syncer_decomposition.test_fwo_pft_schema" name="test_null_and_parameter_outer_ref_conflicts_fail_closed" time="0.000" /><testcase classname="tests.syncer_decomposition.test_kernel_purity" name="test_selection_is_order_independent_oldest_first_and_one_per_learner" time="0.000" /><testcase classname="tests.syncer_decomposition.test_kernel_purity" name="test_plan_freezes_hex_weights_and_parent_facts" time="0.000" /><testcase classname="tests.syncer_decomposition.test_kernel_purity" name="test_pure_modules_do_not_import_or_call_authority_and_environment_surfaces" time="0.008" /><testcase classname="tests.syncer_decomposition.test_old_new_differential" name="test_decomposed_kernel_is_byte_exact_to_archive_inline_path[sgd]" time="0.009" /><testcase classname="tests.syncer_decomposition.test_old_new_differential" name="test_decomposed_kernel_is_byte_exact_to_archive_inline_path[momentum]" time="0.002" /><testcase classname="tests.syncer_decomposition.test_old_new_differential" name="test_decomposed_kernel_is_byte_exact_to_archive_inline_path[nesterov]" time="0.002" /><testcase classname="tests.syncer_decomposition.test_old_new_differential" name="test_decomposed_kernel_is_byte_exact_to_archive_inline_path[adamw]" time="0.008" /><testcase classname="tests.syncer_decomposition.test_old_new_differential" name="test_parameter_outer_state_mismatch_fails_closed" time="0.004" /><testcase classname="tests.test_proposal_catalog" name="test_listing_omission_duplicate_reorder_and_catalog_restart_do_not_change_view" time="0.014" /><testcase classname="tests.test_proposal_catalog" name="test_future_candidate_is_quarantined_without_affecting_authority" time="0.007" /><testcase classname="tests.test_proposal_catalog" name="test_malformed_future_and_stale_flood_cannot_hide_current_valid_candidate" time="0.019" /><testcase classname="tests.test_outer_optim" name="test_sgd_momentum_step" time="0.005" /><testcase classname="tests.test_outer_optim" name="test_nesterov_step_matches_plan_formula" time="0.001" /><testcase classname="tests.test_outer_optim" name="test_adamw_step_known_vector" time="0.001" /><testcase classname="tests.coordination.test_control_schemas" name="test_control_commit_and_frontier_round_trip_canonically[epoch_bump]" time="0.001" /><testcase classname="tests.coordination.test_control_schemas" name="test_control_commit_and_frontier_round_trip_canonically[stop]" time="0.001" /><testcase classname="tests.coordination.test_control_schemas" name="test_control_commit_rejects_unknown_and_null_identity_fields" time="0.001" /><testcase classname="tests.coordination.test_control_schemas" name="test_frontier_requires_canonical_omission_for_absent_stop" time="0.001" /><testcase classname="tests.coordination.test_control_schemas" name="test_legacy_frontier_without_coordination_preserves_identity" time="0.001" /><testcase classname="tests.coordination.test_lease_manager" name="test_acquire_response_loss_reconciles_by_request_identity" time="0.001" /><testcase classname="tests.coordination.test_lease_manager" name="test_same_id_conflict_and_independent_same_content_are_distinct" time="0.001" /><testcase classname="tests.coordination.test_lease_manager" name="test_takeover_waits_for_expiry_plus_skew_and_advances_epoch" time="0.001" /><testcase classname="tests.coordination.test_lease_manager" name="test_renew_after_effect_timeout_is_idempotent_and_release_expires" time="0.001" /><testcase classname="tests.coordination.test_lease_manager" name="test_wrong_owner_or_epoch_cannot_renew_or_release" time="0.001" /><testcase classname="tests.coordination.test_production_fencing" name="test_epoch_bump_is_control_only_and_optimizer_count_is_separate" time="0.018" /><testcase classname="tests.coordination.test_production_fencing" name="test_stale_prepared_optimizer_is_fenced_after_takeover" time="0.020" /><testcase classname="tests.coordination.test_production_fencing" name="test_takeover_uses_empty_cache_strict_replay" time="0.015" /><testcase classname="tests.coordination.test_production_fencing" name="test_authoritative_stop_replays_and_forbids_more_optimizer_work" time="0.020" /><testcase classname="tests.coordination.test_production_fencing" name="test_control_response_loss_resolves_from_ancestry_after_successor" time="0.015" /><testcase classname="tests.coordination.test_production_fencing" name="test_optimizer_response_loss_resolves_after_takeover_successor" time="0.030" /><testcase classname="tests.coordination.test_production_fencing" name="test_stop_response_loss_replays_from_authority" time="0.014" /><testcase classname="tests.coordination.test_production_fencing" name="test_reused_optimizer_request_id_with_distinct_content_fails_before_output_puts" time="0.019" /><testcase classname="tests.coordination.test_production_fencing" name="test_fenced_optimizer_crash_matrix_has_no_stuck_selection_and_can_continue[before_params_put]" time="0.030" /><testcase classname="tests.coordination.test_production_fencing" name="test_fenced_optimizer_crash_matrix_has_no_stuck_selection_and_can_continue[after_params_put]" time="0.030" /><testcase classname="tests.coordination.test_production_fencing" name="test_fenced_optimizer_crash_matrix_has_no_stuck_selection_and_can_continue[before_outer_state_put]" time="0.031" /><testcase classname="tests.coordination.test_production_fencing" name="test_fenced_optimizer_crash_matrix_has_no_stuck_selection_and_can_continue[after_outer_state_put]" time="0.031" /><testcase classname="tests.coordination.test_production_fencing" name="test_fenced_optimizer_crash_matrix_has_no_stuck_selection_and_can_continue[before_commit_put]" time="0.031" /><testcase classname="tests.coordination.test_production_fencing" name="test_fenced_optimizer_crash_matrix_has_no_stuck_selection_and_can_continue[after_commit_put]" time="0.031" /><testcase classname="tests.coordination.test_production_fencing" name="test_fenced_optimizer_crash_matrix_has_no_stuck_selection_and_can_continue[before_frontier_put]" time="0.031" /><testcase classname="tests.coordination.test_production_fencing" name="test_fenced_optimizer_crash_matrix_has_no_stuck_selection_and_can_continue[after_frontier_put]" time="0.031" /><testcase classname="tests.coordination.test_production_fencing" name="test_fenced_optimizer_crash_matrix_has_no_stuck_selection_and_can_continue[before_head_cas]" time="0.031" /><testcase classname="tests.coordination.test_production_fencing" name="test_fenced_optimizer_crash_matrix_has_no_stuck_selection_and_can_continue[after_head_cas]" time="0.042" /><testcase classname="tests.coordination.test_production_fencing" name="test_authoritative_stop_crash_matrix_retries_or_resolves[before_commit_put]" time="0.015" /><testcase classname="tests.coordination.test_production_fencing" name="test_authoritative_stop_crash_matrix_retries_or_resolves[after_commit_put]" time="0.015" /><testcase classname="tests.coordination.test_production_fencing" name="test_authoritative_stop_crash_matrix_retries_or_resolves[before_frontier_put]" time="0.016" /><testcase classname="tests.coordination.test_production_fencing" name="test_authoritative_stop_crash_matrix_retries_or_resolves[after_frontier_put]" time="0.016" /><testcase classname="tests.coordination.test_production_fencing" name="test_authoritative_stop_crash_matrix_retries_or_resolves[before_head_cas]" time="0.016" /><testcase classname="tests.coordination.test_production_fencing" name="test_authoritative_stop_crash_matrix_retries_or_resolves[after_head_cas]" time="0.011" /><testcase classname="tests.coordination.test_reference_state_machine" name="test_lease_is_observational_until_epoch_bump_commits" time="0.000" /><testcase classname="tests.coordination.test_reference_state_machine" name="test_two_contenders_from_one_lease_version_have_one_winner" time="0.000" /><testcase classname="tests.coordination.test_reference_state_machine" name="test_request_identity_distinguishes_retry_independent_and_conflict" time="0.000" /><testcase classname="tests.coordination.test_reference_state_machine" name="test_clock_only_affects_takeover_liveness_not_fencing_safety" time="0.001" /><testcase classname="tests.coordination.test_reference_state_machine" name="test_control_stop_is_authoritative_and_not_an_optimizer_transition" time="0.001" /><testcase classname="tests.coordination.test_reference_state_machine" name="test_bounded_interleavings_kill_coordination_mutants[wall_clock_only]" time="0.001" /><testcase classname="tests.coordination.test_reference_state_machine" name="test_bounded_interleavings_kill_coordination_mutants[lease_file_only]" time="0.001" /><testcase classname="tests.coordination.test_reference_state_machine" name="test_bounded_interleavings_kill_coordination_mutants[stale_epoch_allowed]" time="0.001" /><testcase classname="tests.coordination.test_reference_state_machine" name="test_bounded_interleavings_preserve_single_fenced_writer" time="0.288" /><testcase classname="tests.coordination.test_syncer_integration_contract" name="test_p05_run_spec_freezes_head_fenced_coordination" time="0.000" /><testcase classname="tests.coordination.test_syncer_integration_contract" name="test_coordination_defaults_fit_replay_and_renewal_budget" time="0.000" /><testcase classname="tests.coordination.test_syncer_integration_contract" name="test_invalid_coordination_config_fails_closed" time="0.001" /><testcase classname="tests.coordination.test_syncer_integration_contract" name="test_public_syncer_cli_exposes_owner_and_standby_without_db_flags" time="0.002" /><testcase classname="tests.coordination.test_syncer_integration_contract" name="test_syncer_stop_and_takeover_use_committed_coordination_path" time="0.000" /><testcase classname="tests.coordination.test_syncer_integration_contract" name="test_analysis_and_terminal_probe_count_only_optimizer_transitions" time="0.002" /><testcase classname="tests.coordination.test_syncer_integration_contract" name="test_full_latest_and_proposal_keep_fragment_version_separate_from_control_seq" time="0.018" /><testcase classname="tests.log.test_production_runtime" name="test_prepared_production_outputs_are_invisible_until_head_cas" time="0.010" /><testcase classname="tests.log.test_production_runtime" name="test_production_crash_matrix_recovers_from_durable_head_only[before_params_put]" time="0.008" /><testcase classname="tests.log.test_production_runtime" name="test_production_crash_matrix_recovers_from_durable_head_only[after_params_put]" time="0.008" /><testcase classname="tests.log.test_production_runtime" name="test_production_crash_matrix_recovers_from_durable_head_only[before_outer_state_put]" time="0.008" /><testcase classname="tests.log.test_production_runtime" name="test_production_crash_matrix_recovers_from_durable_head_only[after_outer_state_put]" time="0.008" /><testcase classname="tests.log.test_production_runtime" name="test_production_crash_matrix_recovers_from_durable_head_only[before_commit_put]" time="0.008" /><testcase classname="tests.log.test_production_runtime" name="test_production_crash_matrix_recovers_from_durable_head_only[after_commit_put]" time="0.008" /><testcase classname="tests.log.test_production_runtime" name="test_production_crash_matrix_recovers_from_durable_head_only[before_frontier_put]" time="0.008" /><testcase classname="tests.log.test_production_runtime" name="test_production_crash_matrix_recovers_from_durable_head_only[after_frontier_put]" time="0.008" /><testcase classname="tests.log.test_production_runtime" name="test_production_crash_matrix_recovers_from_durable_head_only[before_head_cas]" time="0.008" /><testcase classname="tests.log.test_production_runtime" name="test_production_crash_matrix_recovers_from_durable_head_only[after_head_cas]" time="0.012" /><testcase classname="tests.log.test_production_runtime" name="test_fresh_process_recovers_identical_runtime_view_without_local_state" time="0.011" /><testcase classname="tests.log.test_production_runtime" name="test_response_loss_is_resolved_from_ancestry_after_successor" time="0.021" /><testcase classname="tests.log.test_production_runtime" name="test_production_cas_conflict_requires_replay_and_fresh_prepare" time="0.020" /><testcase classname="tests.log.test_production_runtime" name="test_production_replay_routes_around_scalar_protocol_validator" time="0.004" /><testcase classname="tests.log.test_production_runtime" name="test_cached_and_forced_full_replay_are_equal_at_every_prefix[1]" time="0.412" /><testcase classname="tests.log.test_production_runtime" name="test_cached_and_forced_full_replay_are_equal_at_every_prefix[2]" time="0.478" /><testcase classname="tests.log.test_production_runtime" name="test_verified_immutable_tensor_cache_is_process_local_and_discardable" time="0.013" /><testcase classname="tests.log.test_production_runtime" name="test_corrupt_new_object_fails_before_replay_cache_replacement[proposal]" time="0.010" /><testcase classname="tests.log.test_production_runtime" name="test_corrupt_new_object_fails_before_replay_cache_replacement[params]" time="0.010" /><testcase classname="tests.log.test_production_runtime" name="test_corrupt_new_object_fails_before_replay_cache_replacement[outer_state]" time="0.012" /><testcase classname="tests.log.test_production_runtime" name="test_corrupt_new_object_fails_before_replay_cache_replacement[commit]" time="0.009" /><testcase classname="tests.log.test_production_runtime" name="test_corrupt_new_object_fails_before_replay_cache_replacement[frontier]" time="0.009" /><testcase classname="tests.log.test_production_runtime" name="test_forced_full_replay_detects_historical_object_corruption" time="0.012" /><testcase classname="tests.test_removed_config_keys" name="test_removed_persistence_keys_fail_closed[init-resume_db_dump]" time="0.002" /><testcase classname="tests.test_removed_config_keys" name="test_removed_persistence_keys_fail_closed[sync-db_dump_every_versions]" time="0.001" /><testcase classname="tests.test_removed_config_keys" name="test_removed_persistence_keys_fail_closed[io-keep_last_db_dumps]" time="0.001" /><testcase classname="tests.test_removed_config_keys" name="test_removed_persistence_keys_fail_closed[io-sqlite_local_dir]" time="0.001" /><testcase classname="tests.test_removed_config_keys" name="test_removed_command_option_fails_closed" time="0.001" /></testsuite></testsuites>