<?xml version="1.0" encoding="utf-8"?><testsuites name="pytest tests"><testsuite name="pytest" errors="0" failures="0" skipped="0" tests="56" time="6.189" timestamp="2026-07-10T22:42:21.819211+09:00" hostname="mg0026"><testcase classname="tests.test_agent_state_contract" name="test_current_in_progress_state_is_valid" time="0.062" /><testcase classname="tests.test_agent_state_contract" name="test_missing_field_is_rejected" time="0.059" /><testcase classname="tests.test_agent_state_contract" name="test_completed_without_evidence_or_checker_is_rejected" time="0.057" /><testcase classname="tests.test_agent_state_contract" name="test_completed_with_structured_checker_and_evidence_passes" time="0.058" /><testcase classname="tests.test_agent_state_contract" name="test_illegal_status_and_phase_jumps_are_rejected" time="0.120" /><testcase classname="tests.test_agent_state_contract" name="test_missing_acceptance_id_is_rejected_even_before_completion" time="0.059" /><testcase classname="tests.test_agent_state_contract" name="test_pass_with_required_gate_followup_cannot_complete" time="0.057" /><testcase classname="tests.test_atomic_io" name="test_atomic_json_ignores_tmp_until_final" time="0.001" /><testcase classname="tests.test_baseline_compatibility" name="test_capture_binds_git_dirty_state_and_detects_digest_drift" time="0.132" /><testcase classname="tests.test_baseline_compatibility" name="test_capture_rejects_dirty_or_wrong_branch_when_required" time="0.077" /><testcase classname="tests.test_baseline_compatibility" name="test_capture_can_freeze_committed_files_while_reporting_dirty_overlay" time="0.148" /><testcase classname="tests.test_baseline_evidence_contract" name="test_complete_finite_baseline_evidence_passes" time="0.050" /><testcase classname="tests.test_baseline_evidence_contract" name="test_nonfinite_or_malformed_log_fails_closed[{&quot;event_type&quot;:&quot;inner_step_summary&quot;,&quot;train_loss&quot;:NaN}\n]" time="0.047" /><testcase classname="tests.test_baseline_evidence_contract" name="test_nonfinite_or_malformed_log_fails_closed[not-json\n]" time="0.046" /><testcase classname="tests.test_baseline_evidence_contract" name="test_missing_expected_training_event_fails_closed" time="0.047" /><testcase classname="tests.test_baseline_evidence_contract" name="test_non_success_stop_requires_explicit_documented_allowance" time="0.094" /><testcase classname="tests.test_config" name="test_config_defaults_and_cli_overrides" time="0.005" /><testcase classname="tests.test_config" name="test_fragment_config_and_unknown_keys" time="0.002" /><testcase classname="tests.test_fragment_analysis" name="test_fragment_summary_and_assertions" time="0.011" /><testcase classname="tests.test_fragment_codec" name="test_fragment_extract_scatter_round_trip" time="0.027" /><testcase classname="tests.test_fragment_codec" name="test_fragment_update_safetensors_round_trip" time="0.020" /><testcase classname="tests.test_fragment_index" name="test_full_fragment_strategy_covers_all_params" time="0.000" /><testcase classname="tests.test_fragment_index" name="test_balanced_tensor_fragments_are_nonempty_and_cover_vector" time="0.000" /><testcase classname="tests.test_fragment_index" name="test_balanced_tensor_rejects_more_fragments_than_tensors" time="0.000" /><testcase classname="tests.test_fragment_merge" name="test_fragment_weighting_and_selection_are_fragment_version_based" time="0.000" /><testcase classname="tests.test_fragment_merge" name="test_selection_filters_are_applied_before_one_per_learner" time="0.000" /><testcase classname="tests.test_fragment_pipeline_smoke" name="test_fragment_pipeline_artifacts_are_present" time="0.001" /><testcase classname="tests.test_fragment_scheduler" name="test_round_robin_fragment_schedule" time="0.000" /><testcase classname="tests.test_fragment_scheduler" name="test_expected_fragment_versions_for_50_events" time="0.000" /><testcase classname="tests.test_fragment_store" name="test_fragment_version_and_update_lifecycle" time="0.003" /><testcase classname="tests.test_fragment_store" name="test_fragment_supersession_is_scoped_to_same_fragment" time="0.003" /><testcase classname="tests.test_fragment_store" name="test_fragment_staleness_uses_fragment_version" time="0.003" /><testcase classname="tests.test_liveness" name="test_heartbeat_ingest_and_status_transitions" time="0.003" /><testcase classname="tests.test_liveness" name="test_stopped_preserved_and_no_progress_timeout" time="0.003" /><testcase classname="tests.test_merge" name="test_token_staleness_weighting_and_average" time="0.005" /><testcase classname="tests.test_merge" name="test_selection_one_update_per_learner_and_stale_drop" time="0.000" /><testcase classname="tests.test_outer_optim" name="test_sgd_momentum_step" time="0.019" /><testcase classname="tests.test_outer_optim" name="test_nesterov_step_matches_plan_formula" time="0.001" /><testcase classname="tests.test_outer_optim" name="test_adamw_step_known_vector" time="0.007" /><testcase classname="tests.test_param_index_roundtrip" name="test_flatten_load_roundtrip_preserves_values" time="0.007" /><testcase classname="tests.test_resume" name="test_resume_loads_global_and_restores_db_dump" time="0.021" /><testcase classname="tests.test_retention" name="test_cleanup_global_artifacts_keeps_newest_versions" time="0.002" /><testcase classname="tests.test_retention" name="test_cleanup_learner_update_artifacts_keeps_newest_pairs" time="0.002" /><testcase classname="tests.test_retention" name="test_cleanup_learner_update_artifacts_deletes_fragment_and_orphan_files" time="0.001" /><testcase classname="tests.test_retention" name="test_cleanup_fragment_artifacts_keeps_newest_version_per_fragment" time="0.002" /><testcase classname="tests.test_retention" name="test_cleanup_syncer_models_covers_full_and_fragment_layouts" time="0.002" /><testcase classname="tests.test_retention" name="test_cleanup_db_dumps_keeps_two_newest_backups" time="0.001" /><testcase classname="tests.test_run_manifest_contract" name="test_run_manifest_is_self_checking_and_has_recovery_fields" time="0.121" /><testcase classname="tests.test_run_manifest_contract" name="test_run_manifest_mutation_and_missing_evidence_fail_closed" time="0.233" /><testcase classname="tests.test_run_manifest_contract" name="test_run_manifest_without_config_binding_is_rejected" time="0.118" /><testcase classname="tests.test_sqlite_store" name="test_insert_select_apply_and_uniqueness" time="0.003" /><testcase classname="tests.test_sqlite_store" name="test_backup_to_shared_dump" time="0.003" /><testcase classname="tests.test_sqlite_store" name="test_drop_superseded_updates" time="0.003" /><testcase classname="tests.test_syncer_selection" name="test_syncer_selection_respects_quorum_max" time="0.000" /><testcase classname="tests.test_wandb_logging" name="test_syncer_wandb_names_are_derived_from_config" time="0.005" /><testcase classname="tests.test_wandb_logging" name="test_selected_update_summary_skips_missing_and_nonfinite_values" time="0.000" /></testsuite></testsuites>